<?xml version="1.0" encoding="UTF-8"?>
<!-- Generated by org.testng.reporters.JUnitReportReporter -->
<testsuite hostname="DESKTOP-HGMMMJR" failures="0" tests="1" name="com.test.locators.TestLocatorsID" time="26.529" errors="0" timestamp="2021-12-11T14:33:28 IST" skipped="0">
  <testcase classname="com.test.locators.TestLocatorsID" name="VerifyLocatorID" time="26.529"/>
  <system-out/>
</testsuite> <!-- com.test.locators.TestLocatorsID -->
