<?xml version="1.0" encoding="UTF-8"?>
<!-- Generated by org.testng.reporters.JUnitReportReporter -->
<testsuite hostname="DESKTOP-HGMMMJR" failures="0" tests="1" name="com.test.locators.TestLocatorXpath" time="20.514" errors="0" timestamp="2021-12-11T23:56:57 IST" skipped="0">
  <testcase classname="com.test.locators.TestLocatorXpath" name="VerifyLocatorXpath" time="20.514"/>
  <system-out/>
</testsuite> <!-- com.test.locators.TestLocatorXpath -->
