<?xml version="1.0" encoding="UTF-8"?>
<!-- Generated by org.testng.reporters.JUnitReportReporter -->
<testsuite hostname="DESKTOP-HGMMMJR" failures="0" tests="1" name="com.test.locators.TestLocatorName" time="19.937" errors="0" timestamp="2021-12-11T23:56:57 IST" skipped="0">
  <testcase classname="com.test.locators.TestLocatorName" name="VerifyLocatorName" time="19.937"/>
  <system-out/>
</testsuite> <!-- com.test.locators.TestLocatorName -->
