<?xml version="1.0" encoding="UTF-8"?>
<!-- Generated by org.testng.reporters.JUnitReportReporter -->
<testsuite hostname="DESKTOP-HGMMMJR" failures="0" tests="1" name="com.test.PageObjectmodel.TestOrangeHRMLogin" time="16.410" errors="0" timestamp="2021-12-12T02:06:33 IST" skipped="0">
  <testcase classname="com.test.PageObjectmodel.TestOrangeHRMLogin" name="VerifyValidLogin" time="16.410"/>
  <system-out/>
</testsuite> <!-- com.test.PageObjectmodel.TestOrangeHRMLogin -->
