<?xml version="1.0" encoding="UTF-8"?>
<!-- Generated by org.testng.reporters.JUnitReportReporter -->
<testsuite hostname="DESKTOP-HGMMMJR" failures="0" tests="1" name="com.test.locators.TestLocatorXpath" time="20.499" errors="0" timestamp="2021-12-12T00:31:06 IST" skipped="0">
  <testcase classname="com.test.locators.TestLocatorXpath" name="VerifyLocatorXpath" time="20.499"/>
  <system-out/>
</testsuite> <!-- com.test.locators.TestLocatorXpath -->
